{"Event":{"xmlns":"http://schemas.microsoft.com/win/2004/08/events/event","System":{"Provider":{"Name":"Service Control Manager","Guid":"{555908d1-a6d7-4695-8e1e-26931d2012f4}"},"EventID":"7036","Version":"0","Level":"4","Task":"0","Opcode":"0","Keywords":"0x8080000000000000","TimeCreated":{"SystemTime":"2026-03-21T08:12:34.000000000Z"},"EventRecordID":"12345","Correlation":{},"Execution":{"ProcessID":"660","ThreadID":"3120"},"Channel":"System","Computer":"WIN-SERVER01"},"RenderingInfo":{"Message":"The Windows Update service entered the running state.","Level":"Information","Task":"","Opcode":"Info","Channel":"System","Provider":"Service Control Manager","Keywords":{"Keyword":"Classic"}}}}
{"Event":{"xmlns":"http://schemas.microsoft.com/win/2004/08/events/event","System":{"Provider":{"Name":"Microsoft-Windows-Security-Auditing","Guid":"{54849625-5478-4994-a5ba-3e3b0328c30d}"},"EventID":"4624","Version":"2","Level":"0","Task":"12544","Opcode":"0","Keywords":"0x8020000000000000","TimeCreated":{"SystemTime":"2026-03-21T08:10:05.123456700Z"},"EventRecordID":"12344","Correlation":{},"Execution":{"ProcessID":"720","ThreadID":"892"},"Channel":"Security","Computer":"WIN-SERVER01"},"RenderingInfo":{"Message":"An account was successfully logged on.","Level":"Information","Task":"Logon","Opcode":"Info","Channel":"Security","Provider":"Microsoft-Windows-Security-Auditing","Keywords":{"Keyword":"Audit Success"}}}}
{"Event":{"xmlns":"http://schemas.microsoft.com/win/2004/08/events/event","System":{"Provider":{"Name":"Microsoft-Windows-Kernel-Power","Guid":"{331c3b3a-2005-44c2-ac5e-77220c37d6b4}"},"EventID":"41","Version":"4","Level":"1","Task":"63","Opcode":"0","Keywords":"0x8000000000000002","TimeCreated":{"SystemTime":"2026-03-20T23:55:00.000000000Z"},"EventRecordID":"12343","Correlation":{},"Execution":{"ProcessID":"4","ThreadID":"8"},"Channel":"System","Computer":"WIN-SERVER01"},"RenderingInfo":{"Message":"The system has rebooted without cleanly shutting down first. This error could be caused if the system stopped responding, crashed, or lost power unexpectedly.","Level":"Critical","Task":"","Opcode":"Info","Channel":"System","Provider":"Microsoft-Windows-Kernel-Power","Keywords":{"Keyword":"Response Time"}}}}
{"Event":{"xmlns":"http://schemas.microsoft.com/win/2004/08/events/event","System":{"Provider":{"Name":"Microsoft-Windows-WindowsUpdateClient","Guid":"{945a8954-c147-4acd-923f-40c45405a658}"},"EventID":"20","Version":"0","Level":"2","Task":"0","Opcode":"0","Keywords":"0x8000000000000008","TimeCreated":{"SystemTime":"2026-03-21T07:45:12.000000000Z"},"EventRecordID":"12342","Correlation":{},"Execution":{"ProcessID":"1200","ThreadID":"2048"},"Channel":"System","Computer":"WIN-SERVER01"},"RenderingInfo":{"Message":"Installation Failure: Windows failed to install the following update with error 0x80070005: Security Update for Windows (KB5034763).","Level":"Error","Task":"","Opcode":"Info","Channel":"System","Provider":"Microsoft-Windows-WindowsUpdateClient","Keywords":{"Keyword":""}}}}
{"Event":{"xmlns":"http://schemas.microsoft.com/win/2004/08/events/event","System":{"Provider":{"Name":"Microsoft-Windows-Dhcp-Client","Guid":"{15a7a4f8-0072-4eab-abad-f98a4d666aeb}"},"EventID":"4198","Version":"0","Level":"3","Task":"0","Opcode":"0","Keywords":"0x4000000000000000","TimeCreated":{"SystemTime":"2026-03-21T08:05:00.000000000Z"},"EventRecordID":"12341","Correlation":{},"Execution":{"ProcessID":"852","ThreadID":"1640"},"Channel":"System","Computer":"WIN-SERVER01"},"RenderingInfo":{"Message":"IP address conflict detected for address 192.168.1.50. The network operations on this system may be disrupted.","Level":"Warning","Task":"","Opcode":"Info","Channel":"System","Provider":"Microsoft-Windows-Dhcp-Client","Keywords":{"Keyword":""}}}}
